<?xml version="1.0" encoding="UTF-8"?>
<testng-results skipped="0" failed="0" ignored="0" total="1" passed="1">
  <reporter-output>
    <line>
      <![CDATA[Test:testLoginLogoutis Passed & Photo is not Taken at:]]>
    </line>
  </reporter-output>
  <suite name="Default suite" duration-ms="30751" started-at="2018-10-01T16:17:12Z" finished-at="2018-10-01T16:17:42Z">
    <groups>
      <group name="smoke">
        <method signature="TestLoginLogOut.testLoginLogout()[pri:1, instance:script.TestLoginLogOut@480bdb19]" name="testLoginLogout" class="script.TestLoginLogOut"/>
      </group> <!-- smoke -->
      <group name="login">
        <method signature="TestLoginLogOut.testLoginLogout()[pri:1, instance:script.TestLoginLogOut@480bdb19]" name="testLoginLogout" class="script.TestLoginLogOut"/>
      </group> <!-- login -->
    </groups>
    <test name="Default test" duration-ms="30751" started-at="2018-10-01T16:17:12Z" finished-at="2018-10-01T16:17:42Z">
      <class name="script.TestLoginLogOut">
        <test-method status="PASS" signature="openApp(java.lang.String, java.lang.String)[pri:0, instance:script.TestLoginLogOut@480bdb19]" name="openApp" is-config="true" duration-ms="18964" started-at="2018-10-01T16:17:12Z" finished-at="2018-10-01T16:17:31Z">
          <params>
            <param index="0">
              <value>
                <![CDATA[localhost]]>
              </value>
            </param>
            <param index="1">
              <value>
                <![CDATA[chrome]]>
              </value>
            </param>
          </params>
          <reporter-output>
          </reporter-output>
        </test-method> <!-- openApp -->
        <test-method status="PASS" signature="testLoginLogout()[pri:1, instance:script.TestLoginLogOut@480bdb19]" name="testLoginLogout" duration-ms="9305" started-at="2018-10-01T16:17:31Z" finished-at="2018-10-01T16:17:40Z">
          <reporter-output>
          </reporter-output>
        </test-method> <!-- testLoginLogout -->
        <test-method status="PASS" signature="closeApp(org.testng.ITestResult)[pri:0, instance:script.TestLoginLogOut@480bdb19]" name="closeApp" is-config="true" duration-ms="2375" started-at="2018-10-01T16:17:40Z" finished-at="2018-10-01T16:17:42Z">
          <params>
            <param index="0">
              <value>
                <![CDATA[[TestResult name=testLoginLogout status=SUCCESS method=TestLoginLogOut.testLoginLogout()[pri:1, instance:script.TestLoginLogOut@480bdb19] output={null}]]]>
              </value>
            </param>
          </params>
          <reporter-output>
            <line>
              <![CDATA[Test:testLoginLogoutis Passed & Photo is not Taken at:]]>
            </line>
          </reporter-output>
        </test-method> <!-- closeApp -->
      </class> <!-- script.TestLoginLogOut -->
    </test> <!-- Default test -->
  </suite> <!-- Default suite -->
</testng-results>
